TN:
SF:lib/bonusRoll.js
FN:3,(anonymous_0)
FN:9,(anonymous_1)
FN:13,(anonymous_2)
FNF:3
FNH:3
FNDA:4,(anonymous_0)
FNDA:3,(anonymous_1)
FNDA:2,(anonymous_2)
DA:5,4
DA:6,4
DA:10,3
DA:14,2
DA:17,1
LF:5
LH:5
BRF:0
BRH:0
end_of_record
TN:
SF:lib/frame.js
FN:3,(anonymous_0)
FN:10,(anonymous_1)
FN:19,(anonymous_2)
FN:27,(anonymous_3)
FN:35,(anonymous_4)
FN:46,(anonymous_5)
FNF:6
FNH:6
FNDA:68,(anonymous_0)
FNDA:68,(anonymous_1)
FNDA:126,(anonymous_2)
FNDA:137,(anonymous_3)
FNDA:70,(anonymous_4)
FNDA:64,(anonymous_5)
DA:6,68
DA:7,68
DA:11,68
DA:12,1
DA:15,67
DA:20,126
DA:21,32
DA:23,94
DA:28,137
DA:29,20
DA:31,117
DA:38,70
DA:39,28
DA:41,42
DA:49,64
DA:58,64
DA:62,2
LF:17
LH:17
BRDA:11,0,0,1
BRDA:11,0,1,67
BRDA:20,1,0,32
BRDA:20,1,1,94
BRDA:28,2,0,20
BRDA:28,2,1,117
BRDA:28,3,0,137
BRDA:28,3,1,52
BRDA:38,4,0,28
BRDA:38,4,1,42
BRDA:38,5,0,70
BRDA:38,5,1,59
BRF:12
BRH:12
end_of_record
TN:
SF:lib/scorecard.js
FN:5,(anonymous_0)
FN:9,(anonymous_1)
FN:16,(anonymous_2)
FN:18,(anonymous_3)
FN:35,(anonymous_4)
FN:37,(anonymous_5)
FN:48,(anonymous_6)
FN:54,(anonymous_7)
FN:59,(anonymous_8)
FN:70,(anonymous_9)
FN:73,(anonymous_10)
FNF:11
FNH:11
FNDA:13,(anonymous_0)
FNDA:63,(anonymous_1)
FNDA:9,(anonymous_2)
FNDA:31,(anonymous_3)
FNDA:8,(anonymous_4)
FNDA:28,(anonymous_5)
FNDA:8,(anonymous_6)
FNDA:19,(anonymous_7)
FNDA:4,(anonymous_8)
FNDA:2,(anonymous_9)
FNDA:20,(anonymous_10)
DA:1,1
DA:6,13
DA:13,63
DA:18,9
DA:19,31
DA:21,11
DA:22,11
DA:23,11
DA:24,4
DA:26,7
DA:28,11
DA:37,8
DA:38,28
DA:39,7
DA:40,7
DA:42,7
DA:50,8
DA:51,8
DA:56,19
DA:60,4
DA:61,1
DA:62,3
DA:63,2
DA:65,1
DA:67,3
DA:72,2
DA:73,2
DA:74,20
DA:76,2
DA:81,1
LF:30
LH:30
BRDA:19,0,0,11
BRDA:19,0,1,20
BRDA:19,1,0,31
BRDA:19,1,1,13
BRDA:23,2,0,4
BRDA:23,2,1,7
BRDA:38,3,0,7
BRDA:38,3,1,21
BRDA:38,4,0,28
BRDA:38,4,1,7
BRDA:60,5,0,1
BRDA:60,5,1,3
BRDA:60,6,0,4
BRDA:60,6,1,3
BRDA:62,7,0,2
BRDA:62,7,1,1
BRDA:62,8,0,3
BRDA:62,8,1,2
BRF:18
BRH:18
end_of_record
